/home/kwang/anaconda3/envs/oriMapPaper-env/lib/python3.11/site-packages/py4DSTEM/process/diffraction/crystal.py:276: FutureWarning: get_structures is deprecated; use parse_structures in pymatgen.io.cif instead.
The only difference is that primitive defaults to False in the new parse_structures method.So parse_structures(primitive=True) is equivalent to the old behavior of get_structures().
  structure = parser.get_structures()[0]
py4DSTEM version:  0.14.8
Automatically detected point group m-3m,
 using arguments: zone_axis_range = 
[[0 1 1]
 [1 1 1]], 
 fiber_axis=None, fiber_angles=None.
Orientation plan:   0%|          | 0/406 [00:00<?, ? zone axes/s]Orientation plan: 100%|██████████| 406/406 [00:00<00:00, 4393.00 zone axes/s]
Using device: cpu
setting parameters and initialzing crystal object: 0.136242 seconds

Reading PointListArray:   0%|          | 0/4096 [00:00<?, ?PointList/s]Reading PointListArray:  20%|██        | 831/4096 [00:00<00:00, 6751.09PointList/s]Reading PointListArray:  59%|█████▉    | 2420/4096 [00:00<00:00, 11657.12PointList/s]Reading PointListArray:  98%|█████████▊| 4010/4096 [00:00<00:00, 13496.53PointList/s]Reading PointListArray: 100%|██████████| 4096/4096 [00:00<00:00, 12463.05PointList/s]
loading Bragg disk list: 0.352857 seconds

change coordinate and make torch tensor: 0.130478 seconds

intensity_bin_centers.shape[0]
 64 

Time for loading models and setting dataloader: 0.041584 seconds

Time for predicting orientations time: 4.735562 seconds

making orientation map: 0.104305 seconds

