/home/kwang/anaconda3/envs/oriMapPaper-env/lib/python3.11/site-packages/py4DSTEM/process/diffraction/crystal.py:276: FutureWarning: get_structures is deprecated; use parse_structures in pymatgen.io.cif instead.
The only difference is that primitive defaults to False in the new parse_structures method.So parse_structures(primitive=True) is equivalent to the old behavior of get_structures().
  structure = parser.get_structures()[0]
py4DSTEM version:  0.14.8
Automatically detected point group m-3m,
 using arguments: zone_axis_range = 
[[0 1 1]
 [1 1 1]], 
 fiber_axis=None, fiber_angles=None.
Orientation plan:   0%|          | 0/406 [00:00<?, ? zone axes/s]Orientation plan: 100%|██████████| 406/406 [00:00<00:00, 4309.53 zone axes/s]
Using device: cpu
setting parameters and initialzing crystal object: 0.139152 seconds

Reading PointListArray:   0%|          | 0/16384 [00:00<?, ?PointList/s]Reading PointListArray:  10%|▉         | 1568/16384 [00:00<00:00, 15673.44PointList/s]Reading PointListArray:  19%|█▉        | 3146/16384 [00:00<00:00, 15730.91PointList/s]Reading PointListArray:  29%|██▉       | 4720/16384 [00:00<00:00, 15700.50PointList/s]Reading PointListArray:  38%|███▊      | 6299/16384 [00:00<00:00, 15732.89PointList/s]Reading PointListArray:  48%|████▊     | 7877/16384 [00:00<00:00, 15749.09PointList/s]Reading PointListArray:  58%|█████▊    | 9452/16384 [00:00<00:00, 15746.09PointList/s]Reading PointListArray:  67%|██████▋   | 11033/16384 [00:00<00:00, 15766.16PointList/s]Reading PointListArray:  77%|███████▋  | 12610/16384 [00:00<00:00, 15761.88PointList/s]Reading PointListArray:  87%|████████▋ | 14187/16384 [00:00<00:00, 15746.51PointList/s]Reading PointListArray:  96%|█████████▌| 15763/16384 [00:01<00:00, 15747.86PointList/s]Reading PointListArray: 100%|██████████| 16384/16384 [00:01<00:00, 15743.73PointList/s]
loading Bragg disk list: 1.173859 seconds

change coordinate and make torch tensor: 0.716157 seconds

intensity_bin_centers.shape[0]
 64 

Time for loading models and setting dataloader: 0.041903 seconds

Time for predicting orientations time: 19.094043 seconds

making orientation map: 0.444247 seconds

