/home/kwang/anaconda3/envs/oriMapPaper-env/lib/python3.11/site-packages/py4DSTEM/process/diffraction/crystal.py:276: FutureWarning: get_structures is deprecated; use parse_structures in pymatgen.io.cif instead.
The only difference is that primitive defaults to False in the new parse_structures method.So parse_structures(primitive=True) is equivalent to the old behavior of get_structures().
  structure = parser.get_structures()[0]
py4DSTEM version:  0.14.8
Automatically detected point group m-3m,
 using arguments: zone_axis_range = 
[[0 1 1]
 [1 1 1]], 
 fiber_axis=None, fiber_angles=None.
Orientation plan:   0%|          | 0/406 [00:00<?, ? zone axes/s]Orientation plan: 100%|██████████| 406/406 [00:00<00:00, 4328.30 zone axes/s]
Using device: cpu
setting parameters and initialzing crystal object: 0.138948 seconds

Reading PointListArray:   0%|          | 0/16384 [00:00<?, ?PointList/s]Reading PointListArray:   9%|▉         | 1540/16384 [00:00<00:00, 15391.06PointList/s]Reading PointListArray:  19%|█▉        | 3093/16384 [00:00<00:00, 15472.56PointList/s]Reading PointListArray:  28%|██▊       | 4641/16384 [00:00<00:00, 15472.09PointList/s]Reading PointListArray:  38%|███▊      | 6197/16384 [00:00<00:00, 15502.90PointList/s]Reading PointListArray:  47%|████▋     | 7755/16384 [00:00<00:00, 15527.38PointList/s]Reading PointListArray:  57%|█████▋    | 9311/16384 [00:00<00:00, 15535.16PointList/s]Reading PointListArray:  66%|██████▋   | 10870/16384 [00:00<00:00, 15552.04PointList/s]Reading PointListArray:  76%|███████▌  | 12430/16384 [00:00<00:00, 15565.91PointList/s]Reading PointListArray:  85%|████████▌ | 13988/16384 [00:00<00:00, 15569.69PointList/s]Reading PointListArray:  95%|█████████▍| 15545/16384 [00:01<00:00, 15559.56PointList/s]Reading PointListArray: 100%|██████████| 16384/16384 [00:01<00:00, 15536.13PointList/s]
loading Bragg disk list: 1.180128 seconds

change coordinate and make torch tensor: 0.732868 seconds

intensity_bin_centers.shape[0]
 64 

Time for loading models and setting dataloader: 0.041859 seconds

Time for predicting orientations time: 19.386288 seconds

making orientation map: 0.424034 seconds

