/home/kwang/anaconda3/envs/oriMapPaper-env/lib/python3.11/site-packages/py4DSTEM/process/diffraction/crystal.py:276: FutureWarning: get_structures is deprecated; use parse_structures in pymatgen.io.cif instead.
The only difference is that primitive defaults to False in the new parse_structures method.So parse_structures(primitive=True) is equivalent to the old behavior of get_structures().
  structure = parser.get_structures()[0]
py4DSTEM version:  0.14.8
Automatically detected point group m-3m,
 using arguments: zone_axis_range = 
[[0 1 1]
 [1 1 1]], 
 fiber_axis=None, fiber_angles=None.
Orientation plan:   0%|          | 0/406 [00:00<?, ? zone axes/s]Orientation plan: 100%|██████████| 406/406 [00:00<00:00, 4342.67 zone axes/s]
Using device: cpu
setting parameters and initialzing crystal object: 0.138408 seconds

Reading PointListArray:   0%|          | 0/16384 [00:00<?, ?PointList/s]Reading PointListArray:  10%|▉         | 1565/16384 [00:00<00:00, 15645.43PointList/s]Reading PointListArray:  19%|█▉        | 3142/16384 [00:00<00:00, 15718.04PointList/s]Reading PointListArray:  29%|██▉       | 4716/16384 [00:00<00:00, 15725.80PointList/s]Reading PointListArray:  38%|███▊      | 6294/16384 [00:00<00:00, 15744.38PointList/s]Reading PointListArray:  48%|████▊     | 7874/16384 [00:00<00:00, 15763.00PointList/s]Reading PointListArray:  58%|█████▊    | 9455/16384 [00:00<00:00, 15777.53PointList/s]Reading PointListArray:  67%|██████▋   | 11040/16384 [00:00<00:00, 15798.29PointList/s]Reading PointListArray:  77%|███████▋  | 12623/16384 [00:00<00:00, 15808.18PointList/s]Reading PointListArray:  87%|████████▋ | 14204/16384 [00:00<00:00, 15795.54PointList/s]Reading PointListArray:  96%|█████████▋| 15788/16384 [00:01<00:00, 15806.24PointList/s]Reading PointListArray: 100%|██████████| 16384/16384 [00:01<00:00, 15779.50PointList/s]
loading Bragg disk list: 1.173199 seconds

change coordinate and make torch tensor: 0.739133 seconds

intensity_bin_centers.shape[0]
 64 

Time for loading models and setting dataloader: 0.047063 seconds

Time for predicting orientations time: 19.196777 seconds

making orientation map: 0.431809 seconds

