/home/kwang/anaconda3/envs/oriMapPaper-env/lib/python3.11/site-packages/py4DSTEM/process/diffraction/crystal.py:276: FutureWarning: get_structures is deprecated; use parse_structures in pymatgen.io.cif instead.
The only difference is that primitive defaults to False in the new parse_structures method.So parse_structures(primitive=True) is equivalent to the old behavior of get_structures().
  structure = parser.get_structures()[0]
py4DSTEM version:  0.14.8
Automatically detected point group m-3m,
 using arguments: zone_axis_range = 
[[0 1 1]
 [1 1 1]], 
 fiber_axis=None, fiber_angles=None.
Orientation plan:   0%|          | 0/406 [00:00<?, ? zone axes/s]Orientation plan: 100%|██████████| 406/406 [00:00<00:00, 4242.38 zone axes/s]
Using device: cpu
setting parameters and initialzing crystal object: 0.141120 seconds

Reading PointListArray:   0%|          | 0/16384 [00:00<?, ?PointList/s]Reading PointListArray:   9%|▉         | 1552/16384 [00:00<00:00, 15512.06PointList/s]Reading PointListArray:  19%|█▉        | 3113/16384 [00:00<00:00, 15567.95PointList/s]Reading PointListArray:  29%|██▊       | 4671/16384 [00:00<00:00, 15572.83PointList/s]Reading PointListArray:  38%|███▊      | 6236/16384 [00:00<00:00, 15600.82PointList/s]Reading PointListArray:  48%|████▊     | 7798/16384 [00:00<00:00, 15607.64PointList/s]Reading PointListArray:  57%|█████▋    | 9359/16384 [00:00<00:00, 15606.58PointList/s]Reading PointListArray:  67%|██████▋   | 10920/16384 [00:00<00:00, 15605.26PointList/s]Reading PointListArray:  76%|███████▌  | 12481/16384 [00:00<00:00, 15601.30PointList/s]Reading PointListArray:  86%|████████▌ | 14042/16384 [00:00<00:00, 15593.06PointList/s]Reading PointListArray:  95%|█████████▌| 15602/16384 [00:01<00:00, 15586.96PointList/s]Reading PointListArray: 100%|██████████| 16384/16384 [00:01<00:00, 15585.18PointList/s]
loading Bragg disk list: 1.186365 seconds

change coordinate and make torch tensor: 0.713574 seconds

intensity_bin_centers.shape[0]
 64 

Time for loading models and setting dataloader: 0.040794 seconds

Time for predicting orientations time: 19.291541 seconds

making orientation map: 0.448027 seconds

