/home/kwang/anaconda3/envs/oriMapPaper-env/lib/python3.11/site-packages/py4DSTEM/process/diffraction/crystal.py:276: FutureWarning: get_structures is deprecated; use parse_structures in pymatgen.io.cif instead.
The only difference is that primitive defaults to False in the new parse_structures method.So parse_structures(primitive=True) is equivalent to the old behavior of get_structures().
  structure = parser.get_structures()[0]
py4DSTEM version:  0.14.8
Automatically detected point group m-3m,
 using arguments: zone_axis_range = 
[[0 1 1]
 [1 1 1]], 
 fiber_axis=None, fiber_angles=None.
Orientation plan:   0%|          | 0/406 [00:00<?, ? zone axes/s]Orientation plan: 100%|██████████| 406/406 [00:00<00:00, 4256.90 zone axes/s]
Using device: cpu
setting parameters and initialzing crystal object: 0.140316 seconds

Reading PointListArray:   0%|          | 0/16384 [00:00<?, ?PointList/s]Reading PointListArray:   9%|▉         | 1554/16384 [00:00<00:00, 15534.24PointList/s]Reading PointListArray:  19%|█▉        | 3119/16384 [00:00<00:00, 15600.08PointList/s]Reading PointListArray:  29%|██▊       | 4681/16384 [00:00<00:00, 15605.09PointList/s]Reading PointListArray:  38%|███▊      | 6244/16384 [00:00<00:00, 15612.30PointList/s]Reading PointListArray:  48%|████▊     | 7813/16384 [00:00<00:00, 15637.26PointList/s]Reading PointListArray:  57%|█████▋    | 9383/16384 [00:00<00:00, 15656.18PointList/s]Reading PointListArray:  67%|██████▋   | 10952/16384 [00:00<00:00, 15666.18PointList/s]Reading PointListArray:  76%|███████▋  | 12520/16384 [00:00<00:00, 15670.13PointList/s]Reading PointListArray:  86%|████████▌ | 14088/16384 [00:00<00:00, 15658.60PointList/s]Reading PointListArray:  96%|█████████▌| 15654/16384 [00:01<00:00, 15653.65PointList/s]Reading PointListArray: 100%|██████████| 16384/16384 [00:01<00:00, 15643.43PointList/s]
loading Bragg disk list: 1.182694 seconds

change coordinate and make torch tensor: 0.735582 seconds

intensity_bin_centers.shape[0]
 64 

Time for loading models and setting dataloader: 0.041179 seconds

Time for predicting orientations time: 19.069673 seconds

making orientation map: 0.420912 seconds

