/home/kwang/anaconda3/envs/oriMapPaper-env/lib/python3.11/site-packages/py4DSTEM/process/diffraction/crystal.py:276: FutureWarning: get_structures is deprecated; use parse_structures in pymatgen.io.cif instead.
The only difference is that primitive defaults to False in the new parse_structures method.So parse_structures(primitive=True) is equivalent to the old behavior of get_structures().
  structure = parser.get_structures()[0]
py4DSTEM version:  0.14.8
Automatically detected point group m-3m,
 using arguments: zone_axis_range = 
[[0 1 1]
 [1 1 1]], 
 fiber_axis=None, fiber_angles=None.
Orientation plan:   0%|          | 0/406 [00:00<?, ? zone axes/s]Orientation plan: 100%|██████████| 406/406 [00:00<00:00, 4323.74 zone axes/s]
Using device: cpu
setting parameters and initialzing crystal object: 0.138176 seconds

Reading PointListArray:   0%|          | 0/16384 [00:00<?, ?PointList/s]Reading PointListArray:  10%|▉         | 1619/16384 [00:00<00:00, 16180.49PointList/s]Reading PointListArray:  20%|█▉        | 3238/16384 [00:00<00:00, 16181.28PointList/s]Reading PointListArray:  30%|██▉       | 4861/16384 [00:00<00:00, 16199.07PointList/s]Reading PointListArray:  40%|███▉      | 6492/16384 [00:00<00:00, 16241.11PointList/s]Reading PointListArray:  50%|████▉     | 8124/16384 [00:00<00:00, 16268.03PointList/s]Reading PointListArray:  60%|█████▉    | 9751/16384 [00:00<00:00, 16262.66PointList/s]Reading PointListArray:  69%|██████▉   | 11384/16384 [00:00<00:00, 16283.04PointList/s]Reading PointListArray:  79%|███████▉  | 13017/16384 [00:00<00:00, 16296.92PointList/s]Reading PointListArray:  89%|████████▉ | 14649/16384 [00:00<00:00, 16303.44PointList/s]Reading PointListArray:  99%|█████████▉| 16283/16384 [00:01<00:00, 16312.58PointList/s]Reading PointListArray: 100%|██████████| 16384/16384 [00:01<00:00, 16274.07PointList/s]
loading Bragg disk list: 1.130620 seconds

change coordinate and make torch tensor: 0.706301 seconds

intensity_bin_centers.shape[0]
 64 

Time for loading models and setting dataloader: 0.041138 seconds

Time for predicting orientations time: 18.788958 seconds

making orientation map: 0.433619 seconds

