/home/kwang/anaconda3/envs/oriMapPaper-env/lib/python3.11/site-packages/py4DSTEM/process/diffraction/crystal.py:276: FutureWarning: get_structures is deprecated; use parse_structures in pymatgen.io.cif instead.
The only difference is that primitive defaults to False in the new parse_structures method.So parse_structures(primitive=True) is equivalent to the old behavior of get_structures().
  structure = parser.get_structures()[0]
py4DSTEM version:  0.14.8
Automatically detected point group m-3m,
 using arguments: zone_axis_range = 
[[0 1 1]
 [1 1 1]], 
 fiber_axis=None, fiber_angles=None.
Orientation plan:   0%|          | 0/406 [00:00<?, ? zone axes/s]Orientation plan: 100%|██████████| 406/406 [00:00<00:00, 4341.01 zone axes/s]
Using device: cpu
setting parameters and initialzing crystal object: 0.138545 seconds

Reading PointListArray:   0%|          | 0/16384 [00:00<?, ?PointList/s]Reading PointListArray:  10%|▉         | 1563/16384 [00:00<00:00, 15620.29PointList/s]Reading PointListArray:  19%|█▉        | 3137/16384 [00:00<00:00, 15687.25PointList/s]Reading PointListArray:  29%|██▊       | 4707/16384 [00:00<00:00, 15690.96PointList/s]Reading PointListArray:  38%|███▊      | 6284/16384 [00:00<00:00, 15719.35PointList/s]Reading PointListArray:  48%|████▊     | 7863/16384 [00:00<00:00, 15742.01PointList/s]Reading PointListArray:  58%|█████▊    | 9441/16384 [00:00<00:00, 15753.33PointList/s]Reading PointListArray:  67%|██████▋   | 11023/16384 [00:00<00:00, 15773.92PointList/s]Reading PointListArray:  77%|███████▋  | 12603/16384 [00:00<00:00, 15779.80PointList/s]Reading PointListArray:  87%|████████▋ | 14182/16384 [00:00<00:00, 15782.70PointList/s]Reading PointListArray:  96%|█████████▌| 15761/16384 [00:01<00:00, 15781.47PointList/s]Reading PointListArray: 100%|██████████| 16384/16384 [00:01<00:00, 15755.06PointList/s]
loading Bragg disk list: 1.176944 seconds

change coordinate and make torch tensor: 0.722443 seconds

intensity_bin_centers.shape[0]
 64 

Time for loading models and setting dataloader: 0.040878 seconds

Time for predicting orientations time: 18.739658 seconds

making orientation map: 0.433484 seconds

