/home/kwang/anaconda3/envs/oriMapPaper-env/lib/python3.11/site-packages/py4DSTEM/process/diffraction/crystal.py:276: FutureWarning: get_structures is deprecated; use parse_structures in pymatgen.io.cif instead.
The only difference is that primitive defaults to False in the new parse_structures method.So parse_structures(primitive=True) is equivalent to the old behavior of get_structures().
  structure = parser.get_structures()[0]
py4DSTEM version:  0.14.8
Automatically detected point group m-3m,
 using arguments: zone_axis_range = 
[[0 1 1]
 [1 1 1]], 
 fiber_axis=None, fiber_angles=None.
Orientation plan:   0%|          | 0/406 [00:00<?, ? zone axes/s]Orientation plan: 100%|██████████| 406/406 [00:00<00:00, 4393.07 zone axes/s]
Using device: cpu
setting parameters and initialzing crystal object: 0.139478 seconds

Reading PointListArray:   0%|          | 0/16384 [00:00<?, ?PointList/s]Reading PointListArray:  10%|▉         | 1562/16384 [00:00<00:00, 15619.05PointList/s]Reading PointListArray:  19%|█▉        | 3134/16384 [00:00<00:00, 15673.91PointList/s]Reading PointListArray:  29%|██▊       | 4706/16384 [00:00<00:00, 15693.54PointList/s]Reading PointListArray:  38%|███▊      | 6290/16384 [00:00<00:00, 15750.75PointList/s]Reading PointListArray:  48%|████▊     | 7874/16384 [00:00<00:00, 15780.70PointList/s]Reading PointListArray:  58%|█████▊    | 9455/16384 [00:00<00:00, 15789.79PointList/s]Reading PointListArray:  67%|██████▋   | 11040/16384 [00:00<00:00, 15806.92PointList/s]Reading PointListArray:  77%|███████▋  | 12626/16384 [00:00<00:00, 15822.42PointList/s]Reading PointListArray:  87%|████████▋ | 14209/16384 [00:00<00:00, 15814.44PointList/s]Reading PointListArray:  96%|█████████▋| 15791/16384 [00:01<00:00, 15811.08PointList/s]Reading PointListArray: 100%|██████████| 16384/16384 [00:01<00:00, 15783.67PointList/s]
loading Bragg disk list: 1.162108 seconds

change coordinate and make torch tensor: 0.712501 seconds

intensity_bin_centers.shape[0]
 64 

Time for loading models and setting dataloader: 0.063469 seconds

Time for predicting orientations time: 18.714997 seconds

making orientation map: 0.424285 seconds

