/home/kwang/anaconda3/envs/oriMapPaper-env/lib/python3.11/site-packages/py4DSTEM/process/diffraction/crystal.py:276: FutureWarning: get_structures is deprecated; use parse_structures in pymatgen.io.cif instead.
The only difference is that primitive defaults to False in the new parse_structures method.So parse_structures(primitive=True) is equivalent to the old behavior of get_structures().
  structure = parser.get_structures()[0]
py4DSTEM version:  0.14.8
Automatically detected point group m-3m,
 using arguments: zone_axis_range = 
[[0 1 1]
 [1 1 1]], 
 fiber_axis=None, fiber_angles=None.
Orientation plan:   0%|          | 0/406 [00:00<?, ? zone axes/s]Orientation plan: 100%|██████████| 406/406 [00:00<00:00, 4411.33 zone axes/s]
Using device: cuda
setting parameters and initialzing crystal object: 0.135659 seconds

Reading PointListArray:   0%|          | 0/4096 [00:00<?, ?PointList/s]Reading PointListArray:  20%|██        | 830/4096 [00:00<00:00, 6787.73PointList/s]Reading PointListArray:  60%|█████▉    | 2443/4096 [00:00<00:00, 11820.98PointList/s]Reading PointListArray:  99%|█████████▉| 4069/4096 [00:00<00:00, 13748.97PointList/s]Reading PointListArray: 100%|██████████| 4096/4096 [00:00<00:00, 12638.16PointList/s]
loading Bragg disk list: 0.347928 seconds

change coordinate and make torch tensor: 0.130639 seconds

intensity_bin_centers.shape[0]
 64 

Time for loading models and setting dataloader: 0.118054 seconds

Time for predicting orientations time: 0.317310 seconds

making orientation map: 0.120263 seconds

