/home/kwang/anaconda3/envs/oriMapPaper-env/lib/python3.11/site-packages/py4DSTEM/process/diffraction/crystal.py:276: FutureWarning: get_structures is deprecated; use parse_structures in pymatgen.io.cif instead.
The only difference is that primitive defaults to False in the new parse_structures method.So parse_structures(primitive=True) is equivalent to the old behavior of get_structures().
  structure = parser.get_structures()[0]
py4DSTEM version:  0.14.8
Automatically detected point group m-3m,
 using arguments: zone_axis_range = 
[[0 1 1]
 [1 1 1]], 
 fiber_axis=None, fiber_angles=None.
Orientation plan:   0%|          | 0/406 [00:00<?, ? zone axes/s]Orientation plan: 100%|██████████| 406/406 [00:00<00:00, 4369.39 zone axes/s]
Using device: cuda
setting parameters and initialzing crystal object: 0.136833 seconds

Reading PointListArray:   0%|          | 0/4096 [00:00<?, ?PointList/s]Reading PointListArray:  19%|█▊        | 761/4096 [00:00<00:00, 6427.26PointList/s]Reading PointListArray:  57%|█████▋    | 2348/4096 [00:00<00:00, 11587.84PointList/s]Reading PointListArray:  96%|█████████▋| 3946/4096 [00:00<00:00, 13512.45PointList/s]Reading PointListArray: 100%|██████████| 4096/4096 [00:00<00:00, 12487.09PointList/s]
loading Bragg disk list: 0.352246 seconds

change coordinate and make torch tensor: 0.128676 seconds

intensity_bin_centers.shape[0]
 64 

Time for loading models and setting dataloader: 0.119073 seconds

Time for predicting orientations time: 0.317135 seconds

making orientation map: 0.119726 seconds

