/home/kwang/anaconda3/envs/oriMapPaper-env/lib/python3.11/site-packages/py4DSTEM/process/diffraction/crystal.py:276: FutureWarning: get_structures is deprecated; use parse_structures in pymatgen.io.cif instead.
The only difference is that primitive defaults to False in the new parse_structures method.So parse_structures(primitive=True) is equivalent to the old behavior of get_structures().
  structure = parser.get_structures()[0]
py4DSTEM version:  0.14.8
Automatically detected point group m-3m,
 using arguments: zone_axis_range = 
[[0 1 1]
 [1 1 1]], 
 fiber_axis=None, fiber_angles=None.
Orientation plan:   0%|          | 0/406 [00:00<?, ? zone axes/s]Orientation plan: 100%|██████████| 406/406 [00:00<00:00, 4427.73 zone axes/s]
Using device: cuda
setting parameters and initialzing crystal object: 0.135388 seconds

Reading PointListArray:   0%|          | 0/16384 [00:00<?, ?PointList/s]Reading PointListArray:  10%|▉         | 1579/16384 [00:00<00:00, 15789.15PointList/s]Reading PointListArray:  19%|█▉        | 3170/16384 [00:00<00:00, 15859.02PointList/s]Reading PointListArray:  29%|██▉       | 4761/16384 [00:00<00:00, 15880.46PointList/s]Reading PointListArray:  39%|███▉      | 6355/16384 [00:00<00:00, 15902.96PointList/s]Reading PointListArray:  49%|████▊     | 7955/16384 [00:00<00:00, 15935.12PointList/s]Reading PointListArray:  58%|█████▊    | 9554/16384 [00:00<00:00, 15950.38PointList/s]Reading PointListArray:  68%|██████▊   | 11150/16384 [00:00<00:00, 15948.94PointList/s]Reading PointListArray:  78%|███████▊  | 12747/16384 [00:00<00:00, 15955.19PointList/s]Reading PointListArray:  88%|████████▊ | 14345/16384 [00:00<00:00, 15960.87PointList/s]Reading PointListArray:  97%|█████████▋| 15943/16384 [00:01<00:00, 15965.50PointList/s]Reading PointListArray: 100%|██████████| 16384/16384 [00:01<00:00, 15936.54PointList/s]
loading Bragg disk list: 1.152277 seconds

change coordinate and make torch tensor: 0.698081 seconds

intensity_bin_centers.shape[0]
 64 

Time for loading models and setting dataloader: 0.120641 seconds

Time for predicting orientations time: 0.954990 seconds

making orientation map: 0.434803 seconds

