/home/kwang/anaconda3/envs/oriMapPaper-env/lib/python3.11/site-packages/py4DSTEM/process/diffraction/crystal.py:276: FutureWarning: get_structures is deprecated; use parse_structures in pymatgen.io.cif instead.
The only difference is that primitive defaults to False in the new parse_structures method.So parse_structures(primitive=True) is equivalent to the old behavior of get_structures().
  structure = parser.get_structures()[0]
py4DSTEM version:  0.14.8
Automatically detected point group m-3m,
 using arguments: zone_axis_range = 
[[0 1 1]
 [1 1 1]], 
 fiber_axis=None, fiber_angles=None.
Orientation plan:   0%|          | 0/406 [00:00<?, ? zone axes/s]Orientation plan: 100%|██████████| 406/406 [00:00<00:00, 4398.59 zone axes/s]
Using device: cuda
setting parameters and initialzing crystal object: 0.137233 seconds

Reading PointListArray:   0%|          | 0/16384 [00:00<?, ?PointList/s]Reading PointListArray:  10%|▉         | 1583/16384 [00:00<00:00, 15821.34PointList/s]Reading PointListArray:  19%|█▉        | 3175/16384 [00:00<00:00, 15876.05PointList/s]Reading PointListArray:  29%|██▉       | 4768/16384 [00:00<00:00, 15899.94PointList/s]Reading PointListArray:  39%|███▉      | 6364/16384 [00:00<00:00, 15920.15PointList/s]Reading PointListArray:  49%|████▊     | 7966/16384 [00:00<00:00, 15952.77PointList/s]Reading PointListArray:  58%|█████▊    | 9565/16384 [00:00<00:00, 15962.68PointList/s]Reading PointListArray:  68%|██████▊   | 11162/16384 [00:00<00:00, 15963.33PointList/s]Reading PointListArray:  78%|███████▊  | 12759/16384 [00:00<00:00, 15958.93PointList/s]Reading PointListArray:  88%|████████▊ | 14355/16384 [00:00<00:00, 15957.24PointList/s]Reading PointListArray:  97%|█████████▋| 15954/16384 [00:01<00:00, 15963.86PointList/s]Reading PointListArray: 100%|██████████| 16384/16384 [00:01<00:00, 15944.75PointList/s]
loading Bragg disk list: 1.163827 seconds

change coordinate and make torch tensor: 0.705135 seconds

intensity_bin_centers.shape[0]
 64 

Time for loading models and setting dataloader: 0.121258 seconds

Time for predicting orientations time: 0.957229 seconds

making orientation map: 0.428024 seconds

