/home/kwang/anaconda3/envs/oriMapPaper-env/lib/python3.11/site-packages/py4DSTEM/process/diffraction/crystal.py:276: FutureWarning: get_structures is deprecated; use parse_structures in pymatgen.io.cif instead.
The only difference is that primitive defaults to False in the new parse_structures method.So parse_structures(primitive=True) is equivalent to the old behavior of get_structures().
  structure = parser.get_structures()[0]
py4DSTEM version:  0.14.8
Automatically detected point group m-3m,
 using arguments: zone_axis_range = 
[[0 1 1]
 [1 1 1]], 
 fiber_axis=None, fiber_angles=None.
Orientation plan:   0%|          | 0/406 [00:00<?, ? zone axes/s]Orientation plan: 100%|██████████| 406/406 [00:00<00:00, 4421.45 zone axes/s]
Using device: cuda
setting parameters and initialzing crystal object: 0.136021 seconds

Reading PointListArray:   0%|          | 0/16384 [00:00<?, ?PointList/s]Reading PointListArray:  10%|▉         | 1577/16384 [00:00<00:00, 15766.26PointList/s]Reading PointListArray:  19%|█▉        | 3154/16384 [00:00<00:00, 15753.27PointList/s]Reading PointListArray:  29%|██▉       | 4733/16384 [00:00<00:00, 15767.48PointList/s]Reading PointListArray:  39%|███▊      | 6323/16384 [00:00<00:00, 15819.29PointList/s]Reading PointListArray:  48%|████▊     | 7910/16384 [00:00<00:00, 15837.48PointList/s]Reading PointListArray:  58%|█████▊    | 9496/16384 [00:00<00:00, 15842.84PointList/s]Reading PointListArray:  68%|██████▊   | 11081/16384 [00:00<00:00, 15837.94PointList/s]Reading PointListArray:  77%|███████▋  | 12670/16384 [00:00<00:00, 15851.81PointList/s]Reading PointListArray:  87%|████████▋ | 14260/16384 [00:00<00:00, 15864.47PointList/s]Reading PointListArray:  97%|█████████▋| 15854/16384 [00:01<00:00, 15884.93PointList/s]Reading PointListArray: 100%|██████████| 16384/16384 [00:01<00:00, 15846.25PointList/s]
loading Bragg disk list: 1.158170 seconds

change coordinate and make torch tensor: 0.707757 seconds

intensity_bin_centers.shape[0]
 64 

Time for loading models and setting dataloader: 0.126296 seconds

Time for predicting orientations time: 0.955852 seconds

making orientation map: 0.442744 seconds

