/home/kwang/anaconda3/envs/oriMapPaper-env/lib/python3.11/site-packages/py4DSTEM/process/diffraction/crystal.py:276: FutureWarning: get_structures is deprecated; use parse_structures in pymatgen.io.cif instead.
The only difference is that primitive defaults to False in the new parse_structures method.So parse_structures(primitive=True) is equivalent to the old behavior of get_structures().
  structure = parser.get_structures()[0]
py4DSTEM version:  0.14.8
Automatically detected point group m-3m,
 using arguments: zone_axis_range = 
[[0 1 1]
 [1 1 1]], 
 fiber_axis=None, fiber_angles=None.
Orientation plan:   0%|          | 0/406 [00:00<?, ? zone axes/s]Orientation plan: 100%|██████████| 406/406 [00:00<00:00, 4383.55 zone axes/s]
Using device: cuda
setting parameters and initialzing crystal object: 0.136571 seconds

Reading PointListArray:   0%|          | 0/16384 [00:00<?, ?PointList/s]Reading PointListArray:  10%|▉         | 1609/16384 [00:00<00:00, 16087.14PointList/s]Reading PointListArray:  20%|█▉        | 3224/16384 [00:00<00:00, 16118.49PointList/s]Reading PointListArray:  30%|██▉       | 4840/16384 [00:00<00:00, 16134.67PointList/s]Reading PointListArray:  39%|███▉      | 6456/16384 [00:00<00:00, 16141.90PointList/s]Reading PointListArray:  49%|████▉     | 8077/16384 [00:00<00:00, 16163.66PointList/s]Reading PointListArray:  59%|█████▉    | 9696/16384 [00:00<00:00, 16169.59PointList/s]Reading PointListArray:  69%|██████▉   | 11315/16384 [00:00<00:00, 16175.27PointList/s]Reading PointListArray:  79%|███████▉  | 12934/16384 [00:00<00:00, 16177.28PointList/s]Reading PointListArray:  89%|████████▉ | 14552/16384 [00:00<00:00, 16143.99PointList/s]Reading PointListArray:  99%|█████████▊| 16172/16384 [00:01<00:00, 16159.68PointList/s]Reading PointListArray: 100%|██████████| 16384/16384 [00:01<00:00, 16154.17PointList/s]
loading Bragg disk list: 1.137787 seconds

change coordinate and make torch tensor: 0.719929 seconds

intensity_bin_centers.shape[0]
 64 

Time for loading models and setting dataloader: 0.121825 seconds

Time for predicting orientations time: 0.955324 seconds

making orientation map: 0.424602 seconds

