/home/kwang/anaconda3/envs/oriMapPaper-env/lib/python3.11/site-packages/py4DSTEM/process/diffraction/crystal.py:276: FutureWarning: get_structures is deprecated; use parse_structures in pymatgen.io.cif instead.
The only difference is that primitive defaults to False in the new parse_structures method.So parse_structures(primitive=True) is equivalent to the old behavior of get_structures().
  structure = parser.get_structures()[0]
py4DSTEM version:  0.14.8
Automatically detected point group m-3m,
 using arguments: zone_axis_range = 
[[0 1 1]
 [1 1 1]], 
 fiber_axis=None, fiber_angles=None.
Orientation plan:   0%|          | 0/406 [00:00<?, ? zone axes/s]Orientation plan: 100%|██████████| 406/406 [00:00<00:00, 4395.72 zone axes/s]
Using device: cuda
setting parameters and initialzing crystal object: 0.137010 seconds

Reading PointListArray:   0%|          | 0/16384 [00:00<?, ?PointList/s]Reading PointListArray:  10%|▉         | 1607/16384 [00:00<00:00, 16067.91PointList/s]Reading PointListArray:  20%|█▉        | 3222/16384 [00:00<00:00, 16111.17PointList/s]Reading PointListArray:  30%|██▉       | 4839/16384 [00:00<00:00, 16137.51PointList/s]Reading PointListArray:  39%|███▉      | 6461/16384 [00:00<00:00, 16166.77PointList/s]Reading PointListArray:  49%|████▉     | 8081/16384 [00:00<00:00, 16178.30PointList/s]Reading PointListArray:  59%|█████▉    | 9701/16384 [00:00<00:00, 16185.14PointList/s]Reading PointListArray:  69%|██████▉   | 11320/16384 [00:00<00:00, 16185.42PointList/s]Reading PointListArray:  79%|███████▉  | 12939/16384 [00:00<00:00, 16185.74PointList/s]Reading PointListArray:  89%|████████▉ | 14558/16384 [00:00<00:00, 16181.04PointList/s]Reading PointListArray:  99%|█████████▊| 16177/16384 [00:01<00:00, 16177.11PointList/s]Reading PointListArray: 100%|██████████| 16384/16384 [00:01<00:00, 16169.02PointList/s]
loading Bragg disk list: 1.148198 seconds

change coordinate and make torch tensor: 0.723243 seconds

intensity_bin_centers.shape[0]
 64 

Time for loading models and setting dataloader: 0.132450 seconds

Time for predicting orientations time: 0.960728 seconds

making orientation map: 0.426879 seconds

