/home/kwang/anaconda3/envs/oriMapPaper-env/lib/python3.11/site-packages/py4DSTEM/process/diffraction/crystal.py:276: FutureWarning: get_structures is deprecated; use parse_structures in pymatgen.io.cif instead.
The only difference is that primitive defaults to False in the new parse_structures method.So parse_structures(primitive=True) is equivalent to the old behavior of get_structures().
  structure = parser.get_structures()[0]
py4DSTEM version:  0.14.8
Automatically detected point group m-3m,
 using arguments: zone_axis_range = 
[[0 1 1]
 [1 1 1]], 
 fiber_axis=None, fiber_angles=None.
Orientation plan:   0%|          | 0/406 [00:00<?, ? zone axes/s]Orientation plan: 100%|██████████| 406/406 [00:00<00:00, 4419.17 zone axes/s]
Using device: cuda
setting parameters and initialzing crystal object: 0.136668 seconds

Reading PointListArray:   0%|          | 0/16384 [00:00<?, ?PointList/s]Reading PointListArray:  10%|█         | 1639/16384 [00:00<00:00, 16382.05PointList/s]Reading PointListArray:  20%|██        | 3290/16384 [00:00<00:00, 16452.99PointList/s]Reading PointListArray:  30%|███       | 4937/16384 [00:00<00:00, 16457.13PointList/s]Reading PointListArray:  40%|████      | 6590/16384 [00:00<00:00, 16482.03PointList/s]Reading PointListArray:  50%|█████     | 8241/16384 [00:00<00:00, 16491.50PointList/s]Reading PointListArray:  60%|██████    | 9891/16384 [00:00<00:00, 16489.13PointList/s]Reading PointListArray:  70%|███████   | 11546/16384 [00:00<00:00, 16506.87PointList/s]Reading PointListArray:  81%|████████  | 13200/16384 [00:00<00:00, 16515.74PointList/s]Reading PointListArray:  91%|█████████ | 14854/16384 [00:00<00:00, 16521.48PointList/s]Reading PointListArray: 100%|██████████| 16384/16384 [00:00<00:00, 16494.95PointList/s]
loading Bragg disk list: 1.128599 seconds

change coordinate and make torch tensor: 0.729303 seconds

intensity_bin_centers.shape[0]
 64 

Time for loading models and setting dataloader: 0.124407 seconds

Time for predicting orientations time: 0.958137 seconds

making orientation map: 0.421881 seconds

