/home/kwang/anaconda3/envs/oriMapPaper-env/lib/python3.11/site-packages/py4DSTEM/process/diffraction/crystal.py:276: FutureWarning: get_structures is deprecated; use parse_structures in pymatgen.io.cif instead.
The only difference is that primitive defaults to False in the new parse_structures method.So parse_structures(primitive=True) is equivalent to the old behavior of get_structures().
  structure = parser.get_structures()[0]
py4DSTEM version:  0.14.8
Automatically detected point group m-3m,
 using arguments: zone_axis_range = 
[[0 1 1]
 [1 1 1]], 
 fiber_axis=None, fiber_angles=None.
Orientation plan:   0%|          | 0/406 [00:00<?, ? zone axes/s]Orientation plan: 100%|██████████| 406/406 [00:00<00:00, 4400.29 zone axes/s]
Using device: cuda
setting parameters and initialzing crystal object: 0.139471 seconds

Reading PointListArray:   0%|          | 0/16384 [00:00<?, ?PointList/s]Reading PointListArray:  10%|▉         | 1580/16384 [00:00<00:00, 15798.55PointList/s]Reading PointListArray:  19%|█▉        | 3171/16384 [00:00<00:00, 15863.27PointList/s]Reading PointListArray:  29%|██▉       | 4762/16384 [00:00<00:00, 15883.07PointList/s]Reading PointListArray:  39%|███▉      | 6359/16384 [00:00<00:00, 15916.87PointList/s]Reading PointListArray:  49%|████▊     | 7959/16384 [00:00<00:00, 15944.49PointList/s]Reading PointListArray:  58%|█████▊    | 9557/16384 [00:00<00:00, 15955.78PointList/s]Reading PointListArray:  68%|██████▊   | 11153/16384 [00:00<00:00, 15954.25PointList/s]Reading PointListArray:  78%|███████▊  | 12749/16384 [00:00<00:00, 15954.19PointList/s]Reading PointListArray:  88%|████████▊ | 14346/16384 [00:00<00:00, 15958.31PointList/s]Reading PointListArray:  97%|█████████▋| 15946/16384 [00:01<00:00, 15969.89PointList/s]Reading PointListArray: 100%|██████████| 16384/16384 [00:01<00:00, 15941.78PointList/s]
loading Bragg disk list: 1.150483 seconds

change coordinate and make torch tensor: 0.699403 seconds

intensity_bin_centers.shape[0]
 64 

Time for loading models and setting dataloader: 0.178933 seconds

Time for predicting orientations time: 1.005265 seconds

making orientation map: 0.424422 seconds

