/home/kwang/anaconda3/envs/oriMapPaper-env/lib/python3.11/site-packages/py4DSTEM/process/diffraction/crystal.py:276: FutureWarning: get_structures is deprecated; use parse_structures in pymatgen.io.cif instead.
The only difference is that primitive defaults to False in the new parse_structures method.So parse_structures(primitive=True) is equivalent to the old behavior of get_structures().
  structure = parser.get_structures()[0]
py4DSTEM version:  0.14.8
Automatically detected point group m-3m,
 using arguments: zone_axis_range = 
[[0 1 1]
 [1 1 1]], 
 fiber_axis=None, fiber_angles=None.
Orientation plan:   0%|          | 0/406 [00:00<?, ? zone axes/s]Orientation plan: 100%|██████████| 406/406 [00:00<00:00, 4435.87 zone axes/s]
Using device: cuda
setting parameters and initialzing crystal object: 0.136393 seconds

Reading PointListArray:   0%|          | 0/16384 [00:00<?, ?PointList/s]Reading PointListArray:  10%|▉         | 1587/16384 [00:00<00:00, 15861.58PointList/s]Reading PointListArray:  19%|█▉        | 3180/16384 [00:00<00:00, 15901.18PointList/s]Reading PointListArray:  29%|██▉       | 4771/16384 [00:00<00:00, 15895.65PointList/s]Reading PointListArray:  39%|███▉      | 6366/16384 [00:00<00:00, 15913.21PointList/s]Reading PointListArray:  49%|████▊     | 7958/16384 [00:00<00:00, 15912.24PointList/s]Reading PointListArray:  58%|█████▊    | 9550/16384 [00:00<00:00, 15900.29PointList/s]Reading PointListArray:  68%|██████▊   | 11141/16384 [00:00<00:00, 15901.95PointList/s]Reading PointListArray:  78%|███████▊  | 12732/16384 [00:00<00:00, 15894.70PointList/s]Reading PointListArray:  87%|████████▋ | 14324/16384 [00:00<00:00, 15899.74PointList/s]Reading PointListArray:  97%|█████████▋| 15916/16384 [00:01<00:00, 15905.73PointList/s]Reading PointListArray: 100%|██████████| 16384/16384 [00:01<00:00, 15900.45PointList/s]
loading Bragg disk list: 1.163100 seconds

change coordinate and make torch tensor: 0.705337 seconds

intensity_bin_centers.shape[0]
 64 

Time for loading models and setting dataloader: 0.123689 seconds

Time for predicting orientations time: 0.957192 seconds

making orientation map: 0.427728 seconds

