/home/kwang/anaconda3/envs/oriMapPaper-env/lib/python3.11/site-packages/py4DSTEM/process/diffraction/crystal.py:276: FutureWarning: get_structures is deprecated; use parse_structures in pymatgen.io.cif instead.
The only difference is that primitive defaults to False in the new parse_structures method.So parse_structures(primitive=True) is equivalent to the old behavior of get_structures().
  structure = parser.get_structures()[0]
py4DSTEM version:  0.14.8
Automatically detected point group m-3m,
 using arguments: zone_axis_range = 
[[0 1 1]
 [1 1 1]], 
 fiber_axis=None, fiber_angles=None.
Orientation plan:   0%|          | 0/406 [00:00<?, ? zone axes/s]Orientation plan: 100%|██████████| 406/406 [00:00<00:00, 4422.35 zone axes/s]
Using device: cuda
setting parameters and initialzing crystal object: 0.135283 seconds

Reading PointListArray:   0%|          | 0/16384 [00:00<?, ?PointList/s]Reading PointListArray:  10%|▉         | 1632/16384 [00:00<00:00, 16310.41PointList/s]Reading PointListArray:  20%|█▉        | 3276/16384 [00:00<00:00, 16380.48PointList/s]Reading PointListArray:  30%|███       | 4917/16384 [00:00<00:00, 16390.61PointList/s]Reading PointListArray:  40%|████      | 6566/16384 [00:00<00:00, 16429.05PointList/s]Reading PointListArray:  50%|█████     | 8215/16384 [00:00<00:00, 16450.20PointList/s]Reading PointListArray:  60%|██████    | 9862/16384 [00:00<00:00, 16454.75PointList/s]Reading PointListArray:  70%|███████   | 11511/16384 [00:00<00:00, 16465.04PointList/s]Reading PointListArray:  80%|████████  | 13158/16384 [00:00<00:00, 16465.24PointList/s]Reading PointListArray:  90%|█████████ | 14807/16384 [00:00<00:00, 16471.56PointList/s]Reading PointListArray: 100%|██████████| 16384/16384 [00:00<00:00, 16447.85PointList/s]
loading Bragg disk list: 1.119267 seconds

change coordinate and make torch tensor: 0.699916 seconds

intensity_bin_centers.shape[0]
 64 

Time for loading models and setting dataloader: 0.131599 seconds

Time for predicting orientations time: 0.958305 seconds

making orientation map: 0.434692 seconds

